<?xml version="1.0" encoding="UTF-8"?>
<testsuite name="game.FightMenuTest" tests="1" skipped="0" failures="0" errors="0" timestamp="2022-05-20T04:36:41" hostname="MacBook-Pro-2.local" time="1.77">
  <properties/>
  <testcase name="moveDown" classname="game.FightMenuTest" time="1.77"/>
  <system-out><![CDATA[]]></system-out>
  <system-err><![CDATA[]]></system-err>
</testsuite>
