<?xml version="1.0" encoding="UTF-8"?>
<testsuite name="block.SBlockTest" tests="2" skipped="0" failures="0" errors="0" timestamp="2022-05-26T07:23:07" hostname="LAPTOP-9HFDF87R" time="0.006">
  <properties/>
  <testcase name="rotate()" classname="block.SBlockTest" time="0.001"/>
  <testcase name="getShape()" classname="block.SBlockTest" time="0.002"/>
  <system-out><![CDATA[]]></system-out>
  <system-err><![CDATA[]]></system-err>
</testsuite>
