<?xml version="1.0" encoding="UTF-8"?>
<testsuite name="scoreboard.ScoreBoardMenuTest" tests="3" skipped="0" failures="0" errors="0" timestamp="2022-05-20T04:36:43" hostname="MacBook-Pro-2.local" time="2.259">
  <properties/>
  <testcase name="ScoreBoardMenu" classname="scoreboard.ScoreBoardMenuTest" time="1.123"/>
  <testcase name="tryWriteScoreboard" classname="scoreboard.ScoreBoardMenuTest" time="0.615"/>
  <testcase name="isAlphaOrDigit" classname="scoreboard.ScoreBoardMenuTest" time="0.521"/>
  <system-out><![CDATA[]]></system-out>
  <system-err><![CDATA[]]></system-err>
</testsuite>
