<?xml version="1.0" encoding="UTF-8"?>
<testsuite name="game.KeySettingTest" tests="5" skipped="0" failures="0" errors="0" timestamp="2022-05-26T07:23:18" hostname="LAPTOP-9HFDF87R" time="0.05">
  <properties/>
  <testcase name="dropKeysettingTest" classname="game.KeySettingTest" time="0.008"/>
  <testcase name="rightKeysettingTest" classname="game.KeySettingTest" time="0.013"/>
  <testcase name="downKeysettingTest" classname="game.KeySettingTest" time="0.008"/>
  <testcase name="leftKeysettingTest" classname="game.KeySettingTest" time="0.01"/>
  <testcase name="upKeysettingTest" classname="game.KeySettingTest" time="0.01"/>
  <system-out><![CDATA[]]></system-out>
  <system-err><![CDATA[]]></system-err>
</testsuite>
