<?xml version="1.0" encoding="UTF-8"?>
<testsuite name="game.GameBoardTest" tests="8" skipped="0" failures="0" errors="0" timestamp="2022-05-26T07:23:17" hostname="LAPTOP-9HFDF87R" time="0.2">
  <properties/>
  <testcase name="eraseLine" classname="game.GameBoardTest" time="0.031"/>
  <testcase name="moveDown" classname="game.GameBoardTest" time="0.019"/>
  <testcase name="moveLeft" classname="game.GameBoardTest" time="0.035"/>
  <testcase name="setGameBoardText" classname="game.GameBoardTest" time="0.012"/>
  <testcase name="moveRight" classname="game.GameBoardTest" time="0.024"/>
  <testcase name="newBlock" classname="game.GameBoardTest" time="0.009"/>
  <testcase name="setLevel" classname="game.GameBoardTest" time="0.007"/>
  <testcase name="rotateBlock" classname="game.GameBoardTest" time="0.061"/>
  <system-out><![CDATA[          
          
          
          
          
          
          
          
          
  hello  
          
          
          
          
          
          
          
          
          

          
          
          
          
          
          
          
          
          
  hello  
          
          
          
          
          
          
          
          
          

]]></system-out>
  <system-err><![CDATA[]]></system-err>
</testsuite>
