<?xml version="1.0" encoding="UTF-8"?>
<testsuite name="game.GamePaneTest" tests="3" skipped="0" failures="0" errors="0" timestamp="2022-05-26T07:23:08" hostname="LAPTOP-9HFDF87R" time="0.045">
  <properties/>
  <testcase name="eraseCurr()" classname="game.GamePaneTest" time="0.01"/>
  <testcase name="placeBlock()" classname="game.GamePaneTest" time="0.006"/>
  <testcase name="setLines()" classname="game.GamePaneTest" time="0.006"/>
  <system-out><![CDATA[]]></system-out>
  <system-err><![CDATA[]]></system-err>
</testsuite>
