<?xml version="1.0" encoding="UTF-8"?>
<testsuite name="block.BBlockTest" tests="3" skipped="0" failures="0" errors="0" timestamp="2022-05-14T12:18:04" hostname="MacBook-Pro-2.local" time="0.0">
  <properties/>
  <testcase name="rotate()" classname="block.BBlockTest" time="0.0"/>
  <testcase name="setShape()" classname="block.BBlockTest" time="0.0"/>
  <testcase name="getShape()" classname="block.BBlockTest" time="0.0"/>
  <system-out><![CDATA[]]></system-out>
  <system-err><![CDATA[]]></system-err>
</testsuite>
