<?xml version="1.0" encoding="UTF-8"?>
<testsuite name="game.itemModeTest" tests="5" skipped="0" failures="0" errors="0" timestamp="2022-05-15T06:02:40" hostname="MacBook-Pro-2.local" time="1.381">
  <properties/>
  <testcase name="eraseLine()" classname="game.itemModeTest" time="0.67"/>
  <testcase name="getItemBlockNormal()" classname="game.itemModeTest" time="0.261"/>
  <testcase name="setLines()" classname="game.itemModeTest" time="0.003"/>
  <testcase name="getItemBlockEasy()" classname="game.itemModeTest" time="0.237"/>
  <testcase name="getItemBlockHard()" classname="game.itemModeTest" time="0.207"/>
  <system-out><![CDATA[NORMAL
countBlock: 
[0] 28507 [1] 28677 [2] 28458 [3] 28778 [4] 28601 [5] 28337 [6] 28590 [7] 199865 [8] 199745 [9] 200714 [10] 199728 
countPositionBlock: 
[0] 52717 [1] 50153 [2] 50323 [3] 46755 [4] 0 [5] 0 NORMAL
countBlock: 
[0] 28638 [1] 28553 [2] 28878 [3] 28545 [4] 28608 [5] 28526 [6] 28372 [7] 200391 [8] 199872 [9] 199263 [10] 200354 
countPositionBlock: 
[0] 49555 [1] 50354 [2] 49748 [3] 50463 [4] 0 [5] 0 NORMAL
countBlock: 
[0] 28748 [1] 28517 [2] 28499 [3] 28391 [4] 28867 [5] 28565 [6] 28636 [7] 200198 [8] 200143 [9] 199508 [10] 199928 
countPositionBlock: 
[0] 53520 [1] 50152 [2] 49666 [3] 46885 [4] 0 [5] 0 ]]></system-out>
  <system-err><![CDATA[]]></system-err>
</testsuite>
