<?xml version="1.0" encoding="UTF-8"?>
<testsuite name="block.EBlockTest" tests="2" skipped="0" failures="0" errors="0" timestamp="2022-05-15T06:02:42" hostname="MacBook-Pro-2.local" time="0.001">
  <properties/>
  <testcase name="rotate()" classname="block.EBlockTest" time="0.001"/>
  <testcase name="getShape()" classname="block.EBlockTest" time="0.0"/>
  <system-out><![CDATA[]]></system-out>
  <system-err><![CDATA[]]></system-err>
</testsuite>
