<?xml version="1.0" encoding="UTF-8"?>
<testsuite name="scoreboard.ScoreBoardFileTest" tests="3" skipped="0" failures="0" errors="0" timestamp="2022-05-26T07:23:15" hostname="LAPTOP-9HFDF87R" time="0.094">
  <properties/>
  <testcase name="readScoreBoard()" classname="scoreboard.ScoreBoardFileTest" time="0.016"/>
  <testcase name="eraseFile()" classname="scoreboard.ScoreBoardFileTest" time="0.063"/>
  <testcase name="writeScoreBoard()" classname="scoreboard.ScoreBoardFileTest" time="0.006"/>
  <system-out><![CDATA[]]></system-out>
  <system-err><![CDATA[]]></system-err>
</testsuite>
