<?xml version="1.0" encoding="UTF-8"?>
<testsuite name="block.WBlockTest" tests="3" skipped="0" failures="0" errors="0" timestamp="2022-05-26T07:23:07" hostname="LAPTOP-9HFDF87R" time="0.009">
  <properties/>
  <testcase name="rotate()" classname="block.WBlockTest" time="0.001"/>
  <testcase name="getItem()" classname="block.WBlockTest" time="0.007"/>
  <testcase name="getShape()" classname="block.WBlockTest" time="0.0"/>
  <system-out><![CDATA[]]></system-out>
  <system-err><![CDATA[]]></system-err>
</testsuite>
