<?xml version="1.0" encoding="UTF-8"?>
<testsuite name="component.StartMenuTest" tests="1" skipped="0" failures="0" errors="0" timestamp="2022-05-26T08:09:10" hostname="LAPTOP-9HFDF87R" time="5.576">
  <properties/>
  <testcase name="keyTest" classname="component.StartMenuTest" time="5.576"/>
  <system-out><![CDATA[change fight mode
down
down
up
up
up
up
up
down
up
up
down
down
down
down
down
up
up
up
up
up
down
down
down
down
down
down
up
up
up
up
up
up
down
down
down
down
down
up
up
up
up
up
up
down
down
down
down
down
down
down
down
down
down
up
up
up
up
up
up
down
down
down
down
up
up
up
up
up
up
down
down
down
down
down
down
down
down
up
up
up
up
up
down
down
down
down
down
up
up
up
up
down
down
down
down
down
down
up
up
up
up
up
up
down
down
down
down
down
up
up
up
up
up
up
down
down
down
down
down
down
down
down
down
down
up
up
up
up
up
down
down
down
down
up
up
up
up
down
down
down
down
down
down
down
down
up
up
up
up
down
down
down
down
down
up
up
up
up
up
down
down
down
down
down
down
down
down
down
down
up
up
up
up
up
up
down
down
down
down
down
up
up
up
up
up
up
down
down
down
down
down
down
down
down
down
down
up
up
up
up
up
up
down
down
down
down
down
up
up
up
up
up
up
down
down
down
down
down
down
down
down
down
down
up
up
up
up
up
up
down
down
down
down
up
up
up
up
up
up
down
down
down
down
down
down
down
down
down
down
up
up
up
up
up
down
down
down
down
down
up
up
up
up
up
down
down
down
down
down
down
down
down
down
down
up
up
up
up
up
up
down
down
down
down
up
up
up
up
up
up
down
down
down
down
down
down
down
down
up
up
up
up
up
up
down
down
down
down
down
up
up
up
down
down
down
down
down
down
down
down
up
up
up
up
up
up
down
down
down
down
down
up
up
up
up
up
down
down
down
down
down
down
down
down
down
down
left
right
down
down
up
down
down
up
left
right
down
up
left
right
down
down
up
left
right
down
up
right
down
up
left
right
down
down
up
left
right
down
up
down
down
up
]]></system-out>
  <system-err><![CDATA[]]></system-err>
</testsuite>
