<?xml version="1.0" encoding="UTF-8"?>
<testsuite name="game.GamePaneTest" tests="3" skipped="0" failures="0" errors="0" timestamp="2022-05-20T04:36:39" hostname="MacBook-Pro-2.local" time="0.013">
  <properties/>
  <testcase name="eraseCurr()" classname="game.GamePaneTest" time="0.004"/>
  <testcase name="placeBlock()" classname="game.GamePaneTest" time="0.002"/>
  <testcase name="setLines()" classname="game.GamePaneTest" time="0.001"/>
  <system-out><![CDATA[]]></system-out>
  <system-err><![CDATA[]]></system-err>
</testsuite>
