<?xml version="1.0" encoding="UTF-8"?>
<testsuite name="setting.SettingMenuTest" tests="1" skipped="0" failures="0" errors="0" timestamp="2022-05-26T07:23:15" hostname="LAPTOP-9HFDF87R" time="0.051">
  <properties/>
  <testcase name="SettingMenu()" classname="setting.SettingMenuTest" time="0.051"/>
  <system-out><![CDATA[normal mode
]]></system-out>
  <system-err><![CDATA[]]></system-err>
</testsuite>
