<?xml version="1.0" encoding="UTF-8"?>
<testsuite name="game.FightMenuTest" tests="1" skipped="0" failures="0" errors="0" timestamp="2022-05-26T07:23:17" hostname="LAPTOP-9HFDF87R" time="0.864">
  <properties/>
  <testcase name="keyTest" classname="game.FightMenuTest" time="0.864"/>
  <system-out><![CDATA[left
right
down
down
up
]]></system-out>
  <system-err><![CDATA[]]></system-err>
</testsuite>
