<?xml version="1.0" encoding="UTF-8"?>
<testsuite name="file.ScoreBoardFileTest" tests="3" skipped="0" failures="0" errors="0" timestamp="2022-05-20T04:36:39" hostname="MacBook-Pro-2.local" time="0.045">
  <properties/>
  <testcase name="readScoreBoard()" classname="file.ScoreBoardFileTest" time="0.02"/>
  <testcase name="eraseFile()" classname="file.ScoreBoardFileTest" time="0.022"/>
  <testcase name="writeScoreBoard()" classname="file.ScoreBoardFileTest" time="0.001"/>
  <system-out><![CDATA[]]></system-out>
  <system-err><![CDATA[]]></system-err>
</testsuite>
