<?xml version="1.0" encoding="UTF-8"?>
<testsuite name="game.FightMenuTest" tests="1" skipped="0" failures="0" errors="0" timestamp="2022-05-26T06:13:34" hostname="MacBook-Pro-2.local" time="7.794">
  <properties/>
  <testcase name="keyTest" classname="game.FightMenuTest" time="7.794"/>
  <system-out><![CDATA[]]></system-out>
  <system-err><![CDATA[Exception in thread "AWT-EventQueue-0" java.lang.NullPointerException
	at main.Tetris.showStartMenu(Tetris.java:33)
	at game.FightMenu.gameOver(FightMenu.java:372)
	at game.FightMenu.newBlock(FightMenu.java:332)
	at game.FightMenu$5.actionPerformed(FightMenu.java:198)
	at java.desktop/javax.swing.SwingUtilities.notifyAction(SwingUtilities.java:1810)
	at java.desktop/javax.swing.JComponent.processKeyBinding(JComponent.java:2903)
	at java.desktop/javax.swing.KeyboardManager.fireBinding(KeyboardManager.java:311)
	at java.desktop/javax.swing.KeyboardManager.fireKeyboardAction(KeyboardManager.java:253)
	at java.desktop/javax.swing.JComponent.processKeyBindingsForAllComponents(JComponent.java:2996)
	at java.desktop/javax.swing.SwingUtilities.processKeyBindings(SwingUtilities.java:1731)
	at java.desktop/javax.swing.UIManager$2.postProcessKeyEvent(UIManager.java:1546)
	at java.desktop/java.awt.DefaultKeyboardFocusManager.dispatchKeyEvent(DefaultKeyboardFocusManager.java:892)
	at java.desktop/java.awt.DefaultKeyboardFocusManager.preDispatchKeyEvent(DefaultKeyboardFocusManager.java:1164)
	at java.desktop/java.awt.DefaultKeyboardFocusManager.typeAheadAssertions(DefaultKeyboardFocusManager.java:1020)
	at java.desktop/java.awt.DefaultKeyboardFocusManager.dispatchEvent(DefaultKeyboardFocusManager.java:844)
	at java.desktop/java.awt.Component.dispatchEventImpl(Component.java:4910)
	at java.desktop/java.awt.Container.dispatchEventImpl(Container.java:2321)
	at java.desktop/java.awt.Window.dispatchEventImpl(Window.java:2793)
	at java.desktop/java.awt.Component.dispatchEvent(Component.java:4861)
	at java.desktop/java.awt.EventQueue.dispatchEventImpl(EventQueue.java:778)
	at java.desktop/java.awt.EventQueue$4.run(EventQueue.java:727)
	at java.desktop/java.awt.EventQueue$4.run(EventQueue.java:721)
	at java.base/java.security.AccessController.doPrivileged(Native Method)
	at java.base/java.security.ProtectionDomain$JavaSecurityAccessImpl.doIntersectionPrivilege(ProtectionDomain.java:85)
	at java.base/java.security.ProtectionDomain$JavaSecurityAccessImpl.doIntersectionPrivilege(ProtectionDomain.java:95)
	at java.desktop/java.awt.EventQueue$5.run(EventQueue.java:751)
	at java.desktop/java.awt.EventQueue$5.run(EventQueue.java:749)
	at java.base/java.security.AccessController.doPrivileged(Native Method)
	at java.base/java.security.ProtectionDomain$JavaSecurityAccessImpl.doIntersectionPrivilege(ProtectionDomain.java:85)
	at java.desktop/java.awt.EventQueue.dispatchEvent(EventQueue.java:748)
	at java.desktop/java.awt.EventDispatchThread.pumpOneEventForFilters(EventDispatchThread.java:207)
	at java.desktop/java.awt.EventDispatchThread.pumpEventsForFilter(EventDispatchThread.java:128)
	at java.desktop/java.awt.EventDispatchThread.pumpEventsForHierarchy(EventDispatchThread.java:117)
	at java.desktop/java.awt.EventDispatchThread.pumpEvents(EventDispatchThread.java:113)
	at java.desktop/java.awt.EventDispatchThread.pumpEvents(EventDispatchThread.java:105)
	at java.desktop/java.awt.EventDispatchThread.run(EventDispatchThread.java:92)
]]></system-err>
</testsuite>
