<?xml version="1.0" encoding="UTF-8"?>
<testsuite name="component.StartMenuTest" tests="1" skipped="0" failures="0" errors="0" timestamp="2022-05-26T09:02:34" hostname="LAPTOP-9HFDF87R" time="1.727">
  <properties/>
  <testcase name="keyTest" classname="component.StartMenuTest" time="1.727"/>
  <system-out><![CDATA[]]></system-out>
  <system-err><![CDATA[]]></system-err>
</testsuite>
