<?xml version="1.0" encoding="UTF-8"?>
<testsuite name="setting.ModeTest" tests="3" skipped="0" failures="0" errors="0" timestamp="2022-05-26T07:23:20" hostname="LAPTOP-9HFDF87R" time="0.105">
  <properties/>
  <testcase name="getRandomBlockNormalMode" classname="setting.ModeTest" time="0.031"/>
  <testcase name="getRandomBlockEasyMode" classname="setting.ModeTest" time="0.039"/>
  <testcase name="getRandomBlockHardMode" classname="setting.ModeTest" time="0.034"/>
  <system-out><![CDATA[Normal Mode
[0] 990 [1] 976 [2] 949 [3] 963 [4] 949 [5] 1031 [6] 942 

Easy Mode
[0] 1195 [1] 1001 [2] 941 [3] 1047 [4] 1021 [5] 950 [6] 1045 
Hard Mode
[0] 761 [1] 1055 [2] 1008 [3] 999 [4] 996 [5] 1016 [6] 965 
]]></system-out>
  <system-err><![CDATA[]]></system-err>
</testsuite>
