<?xml version="1.0" encoding="UTF-8"?>
<testsuite name="game.NextBlockPaneTest" tests="1" skipped="0" failures="0" errors="0" timestamp="2022-05-26T07:23:15" hostname="LAPTOP-9HFDF87R" time="0.005">
  <properties/>
  <testcase name="placeBlock()" classname="game.NextBlockPaneTest" time="0.005"/>
  <system-out><![CDATA[]]></system-out>
  <system-err><![CDATA[]]></system-err>
</testsuite>
