<?xml version="1.0" encoding="UTF-8"?>
<testsuite name="scoreboard.ScoreBoardMenuTest" tests="3" skipped="0" failures="0" errors="0" timestamp="2022-05-15T06:03:06" hostname="MacBook-Pro-2.local" time="0.487">
  <properties/>
  <testcase name="ScoreBoardMenu" classname="scoreboard.ScoreBoardMenuTest" time="0.202"/>
  <testcase name="tryWriteScoreboard" classname="scoreboard.ScoreBoardMenuTest" time="0.148"/>
  <testcase name="isAlphaOrDigit" classname="scoreboard.ScoreBoardMenuTest" time="0.136"/>
  <system-out><![CDATA[]]></system-out>
  <system-err><![CDATA[]]></system-err>
</testsuite>
