<?xml version="1.0" encoding="UTF-8"?>
<testsuite name="game.GameMenuTest" tests="1" skipped="0" failures="0" errors="0" timestamp="2022-05-20T04:36:43" hostname="MacBook-Pro-2.local" time="0.385">
  <properties/>
  <testcase name="moveDown" classname="game.GameMenuTest" time="0.385"/>
  <system-out><![CDATA[]]></system-out>
  <system-err><![CDATA[]]></system-err>
</testsuite>
