<?xml version="1.0" encoding="UTF-8"?>
<testsuite name="setting.LoadFileTest" tests="1" skipped="0" failures="0" errors="0" timestamp="2022-05-14T12:18:04" hostname="MacBook-Pro-2.local" time="0.001">
  <properties/>
  <testcase name="loadFileTest()" classname="setting.LoadFileTest" time="0.001"/>
  <system-out><![CDATA[{boardWidth=300, rotateKey=UP, modeName=EASY, pauseKey=P, downKey=DOWN, rightKey=RIGHT, p1DropKey=SPACE, p2RightKey=S, p2DropKey=G, p2DownKey=D, p1LeftKey=Q, p1DownKey=E, p2LeftKey=A, initInterval=1200, boardHeight=510, colorBlind=true, leftKey=LEFT, p1RotateKey=R, dropKey=SPACE, fontSize=19, p2RotateKey=F, p1RightKey=W, reduceSpeed=80}
]]></system-out>
  <system-err><![CDATA[]]></system-err>
</testsuite>
