<?xml version="1.0" encoding="UTF-8"?>
<testsuite name="setting.SaveFileTest" tests="1" skipped="0" failures="0" errors="0" timestamp="2022-05-26T07:23:15" hostname="LAPTOP-9HFDF87R" time="0.001">
  <properties/>
  <testcase name="SaveFile()" classname="setting.SaveFileTest" time="0.001"/>
  <system-out><![CDATA[]]></system-out>
  <system-err><![CDATA[]]></system-err>
</testsuite>
