<?xml version="1.0" encoding="UTF-8"?>
<testsuite name="game.ItemModeTest" tests="1" skipped="0" failures="0" errors="0" timestamp="2022-05-26T08:49:51" hostname="MacBook-Pro-2.local" time="1.061">
  <properties/>
  <testcase name="getItemBlockEasy()" classname="game.ItemModeTest" time="1.061"/>
  <system-out><![CDATA[EASY
countBlock: 
[0] 28652 [1] 28693 [2] 28656 [3] 28732 [4] 28492 [5] 28595 [6] 28714 [7] 199797 [8] 199763 [9] 199648 [10] 200258 
countPositionBlock: 
[0] 49221 [1] 49809 [2] 48260 [3] 53244 [4] 0 [5] 0 ]]></system-out>
  <system-err><![CDATA[]]></system-err>
</testsuite>
