<?xml version="1.0" encoding="UTF-8"?>
<testsuite name="block.IBlockTest" tests="2" skipped="0" failures="0" errors="0" timestamp="2022-05-04T05:18:12" hostname="MacBook-Pro-2.local" time="0.003">
  <properties/>
  <testcase name="rotate()" classname="block.IBlockTest" time="0.001"/>
  <testcase name="getShape()" classname="block.IBlockTest" time="0.0"/>
  <system-out><![CDATA[]]></system-out>
  <system-err><![CDATA[]]></system-err>
</testsuite>
