<?xml version="1.0" encoding="UTF-8"?>
<testsuite name="game.FightBoardTest" tests="5" skipped="0" failures="0" errors="0" timestamp="2022-05-04T05:18:12" hostname="MacBook-Pro-2.local" time="0.168">
  <properties/>
  <testcase name="moveDown" classname="game.FightBoardTest" time="0.025"/>
  <testcase name="moveLeft" classname="game.FightBoardTest" time="0.033"/>
  <testcase name="moveRight" classname="game.FightBoardTest" time="0.038"/>
  <testcase name="newBlock" classname="game.FightBoardTest" time="0.015"/>
  <testcase name="rotateBlock" classname="game.FightBoardTest" time="0.054"/>
  <system-out><![CDATA[]]></system-out>
  <system-err><![CDATA[]]></system-err>
</testsuite>
