<?xml version="1.0" encoding="UTF-8"?>
<testsuite name="file.ScoreBoardFileTest" tests="3" skipped="0" failures="0" errors="0" timestamp="2022-05-04T05:18:10" hostname="MacBook-Pro-2.local" time="0.131">
  <properties/>
  <testcase name="readScoreBoard()" classname="file.ScoreBoardFileTest" time="0.056"/>
  <testcase name="eraseFile()" classname="file.ScoreBoardFileTest" time="0.055"/>
  <testcase name="writeScoreBoard()" classname="file.ScoreBoardFileTest" time="0.005"/>
  <system-out><![CDATA[]]></system-out>
  <system-err><![CDATA[]]></system-err>
</testsuite>
