<?xml version="1.0" encoding="UTF-8"?>
<testsuite name="game.GamePaneTest" tests="3" skipped="0" failures="0" errors="0" timestamp="2022-05-04T05:18:10" hostname="MacBook-Pro-2.local" time="0.074">
  <properties/>
  <testcase name="eraseCurr()" classname="game.GamePaneTest" time="0.013"/>
  <testcase name="placeBlock()" classname="game.GamePaneTest" time="0.006"/>
  <testcase name="setLines()" classname="game.GamePaneTest" time="0.004"/>
  <system-out><![CDATA[]]></system-out>
  <system-err><![CDATA[]]></system-err>
</testsuite>
